

Started GET "/" for 24.206.167.73 at 2014-12-03 03:24:26 +0000
Processing by Rails::WelcomeController#index as HTML
  Rendered /usr/local/rvm/gems/ruby-2.1.4@rails4/gems/railties-4.1.6/lib/rails/templates/rails/welcome/index.html.erb (3.1ms)
Completed 200 OK in 31ms (Views: 17.8ms | ActiveRecord: 0.0ms)


Started GET "/studio" for 24.206.167.73 at 2014-12-03 03:24:34 +0000
Processing by StudioController#index as HTML
  Rendered studio/index.html.erb within layouts/application (0.4ms)
Completed 200 OK in 677ms (Views: 675.8ms | ActiveRecord: 0.0ms)


Started GET "/assets/studio.css?body=1" for 24.206.167.73 at 2014-12-03 03:24:35 +0000


Started GET "/assets/application.css?body=1" for 24.206.167.73 at 2014-12-03 03:24:35 +0000


Started GET "/assets/jquery_ujs.js?body=1" for 24.206.167.73 at 2014-12-03 03:24:35 +0000


Started GET "/assets/turbolinks.js?body=1" for 24.206.167.73 at 2014-12-03 03:24:35 +0000


Started GET "/assets/studio.js?body=1" for 24.206.167.73 at 2014-12-03 03:24:35 +0000


Started GET "/assets/application.js?body=1" for 24.206.167.73 at 2014-12-03 03:24:35 +0000


Started GET "/assets/jquery.js?body=1" for 24.206.167.73 at 2014-12-03 03:24:35 +0000
  [1m[36m (14.0ms)[0m  [1mCREATE TABLE "schema_migrations" ("version" varchar(255) NOT NULL) [0m
  [1m[35m (0.1ms)[0m  select sqlite_version(*)
  [1m[36m (10.5ms)[0m  [1mCREATE UNIQUE INDEX "unique_schema_migrations" ON "schema_migrations" ("version")[0m
  [1m[35mActiveRecord::SchemaMigration Load (0.2ms)[0m  SELECT "schema_migrations".* FROM "schema_migrations"
  [1m[36mActiveRecord::SchemaMigration Load (0.1ms)[0m  [1mSELECT "schema_migrations".* FROM "schema_migrations"[0m
Migrating to CreateStudents (20141203033611)
  [1m[35m (0.1ms)[0m  begin transaction
  [1m[36m (0.1ms)[0m  [1mrollback transaction[0m
  [1m[36mActiveRecord::SchemaMigration Load (0.1ms)[0m  [1mSELECT "schema_migrations".* FROM "schema_migrations"[0m
Migrating to CreateStudents (20141203033836)
  [1m[35m (0.1ms)[0m  begin transaction
  [1m[36m (0.6ms)[0m  [1mCREATE TABLE "students" ("id" INTEGER PRIMARY KEY AUTOINCREMENT NOT NULL, "first_name" varchar(255), "last_name" varchar(255), "instrument" varchar(255), "year" integer, "balance" decimal, "created_at" datetime, "updated_at" datetime) [0m
  [1m[35mSQL (0.2ms)[0m  INSERT INTO "schema_migrations" ("version") VALUES (?)  [["version", "20141203033836"]]
  [1m[36m (14.3ms)[0m  [1mcommit transaction[0m
  [1m[35mActiveRecord::SchemaMigration Load (0.2ms)[0m  SELECT "schema_migrations".* FROM "schema_migrations"
  [1m[36m (0.2ms)[0m  [1mSELECT version FROM schema_migrations[0m
  [1m[36m (0.2ms)[0m  [1mbegin transaction[0m
  [1m[35mSQL (0.6ms)[0m  INSERT INTO "students" ("balance", "created_at", "first_name", "instrument", "last_name", "updated_at", "year") VALUES (?, ?, ?, ?, ?, ?, ?)  [["balance", -25.0], ["created_at", "2014-12-03 03:41:33.552287"], ["first_name", "Joe"], ["instrument", "Violin"], ["last_name", "Bob"], ["updated_at", "2014-12-03 03:41:33.552287"], ["year", 2]]
  [1m[36m (14.5ms)[0m  [1mcommit transaction[0m
  [1m[35mStudents Load (0.4ms)[0m  SELECT "students".* FROM "students"
  [1m[36m (0.2ms)[0m  [1mbegin transaction[0m
  [1m[35mSQL (0.5ms)[0m  INSERT INTO "students" ("balance", "created_at", "first_name", "instrument", "last_name", "updated_at", "year") VALUES (?, ?, ?, ?, ?, ?, ?)  [["balance", -25.0], ["created_at", "2014-12-03 03:44:04.038923"], ["first_name", "Joe"], ["instrument", "Violin"], ["last_name", "Bob"], ["updated_at", "2014-12-03 03:44:04.038923"], ["year", 2]]
  [1m[36m (32.3ms)[0m  [1mcommit transaction[0m
  [1m[35m (0.1ms)[0m  begin transaction
  [1m[36mSQL (0.4ms)[0m  [1mINSERT INTO "students" ("balance", "created_at", "first_name", "instrument", "last_name", "updated_at", "year") VALUES (?, ?, ?, ?, ?, ?, ?)[0m  [["balance", 50.0], ["created_at", "2014-12-03 03:44:42.591302"], ["first_name", "Jasmine"], ["instrument", "Ukelele"], ["last_name", "Ethereal"], ["updated_at", "2014-12-03 03:44:42.591302"], ["year", 5]]
  [1m[35m (10.6ms)[0m  commit transaction
  [1m[36mStudent Load (0.4ms)[0m  [1mSELECT "students".* FROM "students"[0m
  [1m[36m (0.1ms)[0m  [1mSELECT version FROM schema_migrations[0m
  [1m[36mActiveRecord::SchemaMigration Load (0.2ms)[0m  [1mSELECT "schema_migrations".* FROM "schema_migrations"[0m
Migrating to CreateStudents (20141203034244)
  [1m[35m (0.1ms)[0m  begin transaction
  [1m[36m (0.1ms)[0m  [1mCREATE TABLE "students" ("id" INTEGER PRIMARY KEY AUTOINCREMENT NOT NULL, "first_name" varchar(255), "last_name" varchar(255), "instrument" varchar(255), "year" integer, "balance" decimal, "created_at" datetime, "updated_at" datetime) [0m
SQLite3::SQLException: table "students" already exists: CREATE TABLE "students" ("id" INTEGER PRIMARY KEY AUTOINCREMENT NOT NULL, "first_name" varchar(255), "last_name" varchar(255), "instrument" varchar(255), "year" integer, "balance" decimal, "created_at" datetime, "updated_at" datetime) 
  [1m[35m (0.1ms)[0m  rollback transaction
  [1m[36mActiveRecord::SchemaMigration Load (0.1ms)[0m  [1mSELECT "schema_migrations".* FROM "schema_migrations"[0m
Migrating to CreateStudents (20141203034244)
  [1m[35m (0.1ms)[0m  begin transaction
  [1m[36m (0.2ms)[0m  [1mCREATE TABLE "students" ("id" INTEGER PRIMARY KEY AUTOINCREMENT NOT NULL, "first_name" varchar(255), "last_name" varchar(255), "instrument" varchar(255), "year" integer, "balance" decimal, "created_at" datetime, "updated_at" datetime) [0m
SQLite3::SQLException: table "students" already exists: CREATE TABLE "students" ("id" INTEGER PRIMARY KEY AUTOINCREMENT NOT NULL, "first_name" varchar(255), "last_name" varchar(255), "instrument" varchar(255), "year" integer, "balance" decimal, "created_at" datetime, "updated_at" datetime) 
  [1m[35m (0.1ms)[0m  rollback transaction
  [1m[36mActiveRecord::SchemaMigration Load (0.2ms)[0m  [1mSELECT "schema_migrations".* FROM "schema_migrations"[0m
Migrating to CreateStudents (20141203034244)
  [1m[35m (0.1ms)[0m  begin transaction
  [1m[36m (0.2ms)[0m  [1mCREATE TABLE "students" ("id" INTEGER PRIMARY KEY AUTOINCREMENT NOT NULL, "first_name" varchar(255), "last_name" varchar(255), "instrument" varchar(255), "year" integer, "balance" decimal, "created_at" datetime, "updated_at" datetime) [0m
SQLite3::SQLException: table "students" already exists: CREATE TABLE "students" ("id" INTEGER PRIMARY KEY AUTOINCREMENT NOT NULL, "first_name" varchar(255), "last_name" varchar(255), "instrument" varchar(255), "year" integer, "balance" decimal, "created_at" datetime, "updated_at" datetime) 
  [1m[35m (0.1ms)[0m  rollback transaction
  [1m[36m (79.7ms)[0m  [1mCREATE TABLE "students" ("id" INTEGER PRIMARY KEY AUTOINCREMENT NOT NULL, "first_name" varchar(255), "last_name" varchar(255), "instrument" varchar(255), "year" integer, "balance" decimal, "created_at" datetime, "updated_at" datetime) [0m
  [1m[35m (101.2ms)[0m  CREATE TABLE "schema_migrations" ("version" varchar(255) NOT NULL) 
  [1m[36m (0.1ms)[0m  [1mselect sqlite_version(*)[0m
  [1m[35m (11.8ms)[0m  CREATE UNIQUE INDEX "unique_schema_migrations" ON "schema_migrations" ("version")
  [1m[36m (0.3ms)[0m  [1mSELECT version FROM "schema_migrations"[0m
  [1m[35m (39.0ms)[0m  INSERT INTO "schema_migrations" (version) VALUES ('20141203033836')
  [1m[36mActiveRecord::SchemaMigration Load (0.2ms)[0m  [1mSELECT "schema_migrations".* FROM "schema_migrations"[0m
  [1m[36m (0.2ms)[0m  [1mSELECT version FROM schema_migrations[0m
  [1m[36mActiveRecord::SchemaMigration Load (0.1ms)[0m  [1mSELECT "schema_migrations".* FROM "schema_migrations"[0m
  [1m[35mActiveRecord::SchemaMigration Load (0.2ms)[0m  SELECT "schema_migrations".* FROM "schema_migrations"
  [1m[36m (0.1ms)[0m  [1mSELECT version FROM schema_migrations[0m
  [1m[36mActiveRecord::SchemaMigration Load (0.1ms)[0m  [1mSELECT "schema_migrations".* FROM "schema_migrations"[0m
  [1m[35mActiveRecord::SchemaMigration Load (0.1ms)[0m  SELECT "schema_migrations".* FROM "schema_migrations"
  [1m[36m (0.1ms)[0m  [1mSELECT version FROM schema_migrations[0m
  [1m[36m (14.7ms)[0m  [1mCREATE TABLE "schema_migrations" ("version" varchar(255) NOT NULL) [0m
  [1m[35m (0.2ms)[0m  select sqlite_version(*)
  [1m[36m (10.3ms)[0m  [1mCREATE UNIQUE INDEX "unique_schema_migrations" ON "schema_migrations" ("version")[0m
  [1m[35mActiveRecord::SchemaMigration Load (0.2ms)[0m  SELECT "schema_migrations".* FROM "schema_migrations"
Migrating to CreateStudents (20141203034244)
  [1m[36m (0.1ms)[0m  [1mbegin transaction[0m
  [1m[35m (0.7ms)[0m  CREATE TABLE "students" ("id" INTEGER PRIMARY KEY AUTOINCREMENT NOT NULL, "first_name" varchar(255), "last_name" varchar(255), "instrument" varchar(255), "year" integer, "balance" decimal, "created_at" datetime, "updated_at" datetime) 
  [1m[36mSQL (0.3ms)[0m  [1mINSERT INTO "schema_migrations" ("version") VALUES (?)[0m  [["version", "20141203034244"]]
  [1m[35m (19.5ms)[0m  commit transaction
  [1m[36mActiveRecord::SchemaMigration Load (0.1ms)[0m  [1mSELECT "schema_migrations".* FROM "schema_migrations"[0m
  [1m[35mActiveRecord::SchemaMigration Load (0.1ms)[0m  SELECT "schema_migrations".* FROM "schema_migrations"
  [1m[36m (0.1ms)[0m  [1mSELECT version FROM schema_migrations[0m
  [1m[36mStudent Load (0.6ms)[0m  [1mSELECT "students".* FROM "students"[0m
  [1m[35m (0.2ms)[0m  begin transaction
  [1m[36mSQL (0.6ms)[0m  [1mINSERT INTO "students" ("balance", "created_at", "first_name", "instrument", "last_name", "updated_at", "year") VALUES (?, ?, ?, ?, ?, ?, ?)[0m  [["balance", -25.0], ["created_at", "2014-12-03 03:54:36.854311"], ["first_name", "Joe"], ["instrument", "Violin"], ["last_name", "Bob"], ["updated_at", "2014-12-03 03:54:36.854311"], ["year", 2]]
  [1m[35m (48.9ms)[0m  commit transaction
  [1m[36m (0.1ms)[0m  [1mbegin transaction[0m
  [1m[35mSQL (0.4ms)[0m  INSERT INTO "students" ("balance", "created_at", "first_name", "instrument", "last_name", "updated_at", "year") VALUES (?, ?, ?, ?, ?, ?, ?)  [["balance", 50.0], ["created_at", "2014-12-03 03:54:40.365683"], ["first_name", "Jasmine"], ["instrument", "Ukelele"], ["last_name", "Ethereal"], ["updated_at", "2014-12-03 03:54:40.365683"], ["year", 5]]
  [1m[36m (76.6ms)[0m  [1mcommit transaction[0m
  [1m[35mStudent Load (0.6ms)[0m  SELECT "students".* FROM "students"


Started GET "/studio" for 24.206.167.73 at 2014-12-03 03:55:54 +0000
  [1m[36mActiveRecord::SchemaMigration Load (0.2ms)[0m  [1mSELECT "schema_migrations".* FROM "schema_migrations"[0m
Processing by StudioController#index as HTML
  [1m[35mStudent Load (0.2ms)[0m  SELECT "students".* FROM "students"
  Rendered studio/index.html.erb within layouts/application (7.6ms)
Completed 200 OK in 50ms (Views: 46.5ms | ActiveRecord: 0.7ms)


Started GET "/assets/studio.css?body=1" for 24.206.167.73 at 2014-12-03 03:55:55 +0000


Started GET "/assets/application.css?body=1" for 24.206.167.73 at 2014-12-03 03:55:55 +0000


Started GET "/assets/jquery_ujs.js?body=1" for 24.206.167.73 at 2014-12-03 03:55:55 +0000


Started GET "/assets/turbolinks.js?body=1" for 24.206.167.73 at 2014-12-03 03:55:55 +0000


Started GET "/assets/application.js?body=1" for 24.206.167.73 at 2014-12-03 03:55:55 +0000


Started GET "/assets/studio.js?body=1" for 24.206.167.73 at 2014-12-03 03:55:55 +0000


Started GET "/assets/jquery.js?body=1" for 24.206.167.73 at 2014-12-03 03:55:55 +0000


Started GET "/studio" for 24.206.167.73 at 2014-12-03 03:56:12 +0000
Processing by StudioController#index as HTML
  [1m[36mStudent Load (0.3ms)[0m  [1mSELECT "students".* FROM "students"[0m
  Rendered studio/index.html.erb within layouts/application (1.9ms)
Completed 200 OK in 48ms (Views: 46.4ms | ActiveRecord: 0.3ms)


Started GET "/assets/application.css?body=1" for 24.206.167.73 at 2014-12-03 03:56:12 +0000


Started GET "/assets/jquery.js?body=1" for 24.206.167.73 at 2014-12-03 03:56:12 +0000


Started GET "/assets/jquery_ujs.js?body=1" for 24.206.167.73 at 2014-12-03 03:56:12 +0000


Started GET "/assets/turbolinks.js?body=1" for 24.206.167.73 at 2014-12-03 03:56:12 +0000


Started GET "/assets/studio.css?body=1" for 24.206.167.73 at 2014-12-03 03:56:13 +0000


Started GET "/assets/studio.js?body=1" for 24.206.167.73 at 2014-12-03 03:56:13 +0000


Started GET "/assets/application.js?body=1" for 24.206.167.73 at 2014-12-03 03:56:13 +0000


Started GET "/studio" for 24.206.167.73 at 2014-12-03 03:59:18 +0000
Processing by StudioController#index as HTML
  [1m[35mStudent Load (0.2ms)[0m  SELECT "students".* FROM "students"
  Rendered studio/index.html.erb within layouts/application (1.5ms)
Completed 200 OK in 41ms (Views: 39.3ms | ActiveRecord: 0.2ms)


Started GET "/assets/jquery_ujs.js?body=1" for 24.206.167.73 at 2014-12-03 03:59:19 +0000


Started GET "/assets/studio.css?body=1" for 24.206.167.73 at 2014-12-03 03:59:19 +0000


Started GET "/assets/studio.js?body=1" for 24.206.167.73 at 2014-12-03 03:59:19 +0000


Started GET "/assets/turbolinks.js?body=1" for 24.206.167.73 at 2014-12-03 03:59:19 +0000


Started GET "/assets/application.css?body=1" for 24.206.167.73 at 2014-12-03 03:59:19 +0000


Started GET "/assets/jquery.js?body=1" for 24.206.167.73 at 2014-12-03 03:59:19 +0000


Started GET "/assets/application.js?body=1" for 24.206.167.73 at 2014-12-03 03:59:19 +0000


Started GET "/studio" for 24.206.167.73 at 2014-12-03 03:59:36 +0000
Processing by StudioController#index as HTML
  [1m[36mStudent Load (0.6ms)[0m  [1mSELECT "students".* FROM "students"[0m
  Rendered studio/index.html.erb within layouts/application (2.4ms)
Completed 200 OK in 44ms (Views: 42.4ms | ActiveRecord: 0.6ms)


Started GET "/assets/application.css?body=1" for 24.206.167.73 at 2014-12-03 03:59:37 +0000


Started GET "/assets/turbolinks.js?body=1" for 24.206.167.73 at 2014-12-03 03:59:37 +0000


Started GET "/assets/jquery.js?body=1" for 24.206.167.73 at 2014-12-03 03:59:37 +0000


Started GET "/assets/jquery_ujs.js?body=1" for 24.206.167.73 at 2014-12-03 03:59:37 +0000


Started GET "/assets/studio.js?body=1" for 24.206.167.73 at 2014-12-03 03:59:37 +0000


Started GET "/assets/studio.css?body=1" for 24.206.167.73 at 2014-12-03 03:59:37 +0000


Started GET "/assets/application.js?body=1" for 24.206.167.73 at 2014-12-03 03:59:37 +0000


Started GET "/studio" for 24.206.167.73 at 2014-12-03 04:01:56 +0000
Processing by StudioController#index as HTML
  [1m[35mStudent Load (0.3ms)[0m  SELECT "students".* FROM "students"
  Rendered studio/index.html.erb within layouts/application (1.8ms)
Completed 200 OK in 53ms (Views: 51.1ms | ActiveRecord: 0.3ms)


Started GET "/assets/jquery_ujs.js?body=1" for 24.206.167.73 at 2014-12-03 04:01:56 +0000


Started GET "/assets/turbolinks.js?body=1" for 24.206.167.73 at 2014-12-03 04:01:56 +0000


Started GET "/assets/studio.css?body=1" for 24.206.167.73 at 2014-12-03 04:01:56 +0000


Started GET "/assets/studio.js?body=1" for 24.206.167.73 at 2014-12-03 04:01:56 +0000


Started GET "/assets/application.css?body=1" for 24.206.167.73 at 2014-12-03 04:01:56 +0000


Started GET "/assets/jquery.js?body=1" for 24.206.167.73 at 2014-12-03 04:01:56 +0000


Started GET "/assets/application.js?body=1" for 24.206.167.73 at 2014-12-03 04:01:57 +0000
